        -:    0:Source:neural_network.cpp
        -:    0:Graph:neural_network.gcno
        -:    0:Data:neural_network.gcda
        -:    0:Runs:0
        -:    1:#include <bits/stdc++.h>
        -:    2:
        -:    3:#include <iostream>
        -:    4:
        -:    5:using namespace std;
        -:    6:
        -:    7:vector<float> x = {1.0, 0.7, 1.2};
        -:    8:int lenx = x.size();
        -:    9:vector<vector<float>> w = {{0.5, 1.5, 0.8, 0.9, -1.7, 1.6},
        -:   10:                           {0.8, 0.2, -1.6, 1.2, 2.1, -0.2}};
        -:   11:int lenw = w.size();
        -:   12:
        -:   13:vector<float> _true = {1, 0};
        -:   14:vector<int> loss;
        -:   15:
function _Z18mean_squared_errorSt6vectorIfSaIfEES1_ called 0 returned 0% blocks executed 0%
    #####:   16:float mean_squared_error(vector<float> y, vector<float> y_pred) {
    #####:   17:    int n = y.size();
call    0 never executed
    #####:   18:    float sum = 0;
    #####:   19:    for (int i = 0; i < n; i++) {
branch  0 never executed
branch  1 never executed
    #####:   20:        sum +=pow((y[i] - y_pred[i]), 2);
call    0 never executed
call    1 never executed
call    2 never executed
        -:   21:    }
        -:   22:
    #####:   23:    return sum / n;
        -:   24:}
        -:   25:
function main called 0 returned 0% blocks executed 0%
    #####:   26:int main() {
    #####:   27:    vector<float> layer2;
call    0 never executed
call    1 never executed
call    2 never executed
    #####:   28:    vector<float> layer1 = {1};
call    0 never executed
call    1 never executed
branch  2 never executed
branch  3 never executed
call    4 never executed
call    5 never executed
    #####:   29:    for (int iter = 0; iter < 10000000; iter++) {
branch  0 never executed
branch  1 never executed
    #####:   30:        layer1 = {1};
call    0 never executed
branch  1 never executed
branch  2 never executed
    #####:   31:        layer2 = {};
call    0 never executed
branch  1 never executed
branch  2 never executed
        -:   32:
    #####:   33:        for (int j = 0; j < lenw; j++) {
branch  0 never executed
branch  1 never executed
    #####:   34:            float sum = 0;
    #####:   35:            for (int i = 0; i < lenx; i++) {
branch  0 never executed
branch  1 never executed
    #####:   36:                sum += x[i]*w[j][i];
call    0 never executed
call    1 never executed
call    2 never executed
        -:   37:            }
    #####:   38:            layer1.push_back(1/(1 + exp(-sum)));
call    0 never executed
call    1 never executed
branch  2 never executed
branch  3 never executed
        -:   39:        }
        -:   40:
    #####:   41:        int lenlayer1 = layer1.size();
call    0 never executed
    #####:   42:        for (int j = 0; j < lenw; j++) {
branch  0 never executed
branch  1 never executed
    #####:   43:            float sum = 0;
    #####:   44:            for (int i = 0; i < lenlayer1; i++) {
branch  0 never executed
branch  1 never executed
    #####:   45:                sum += layer1[i]*w[j][3+i];
call    0 never executed
call    1 never executed
call    2 never executed
        -:   46:            }
    #####:   47:            layer2.push_back(1/1 + exp(-sum));
call    0 never executed
call    1 never executed
branch  2 never executed
branch  3 never executed
        -:   48:        }
        -:   49:
    #####:   50:        float del12 = (layer2[0] - _true[0])*layer2[0]*(1-layer2[0]);
call    0 never executed
call    1 never executed
call    2 never executed
call    3 never executed
    #####:   51:        float del22 = (layer2[1] - _true[1])*layer2[1]*(1-layer2[1]);
call    0 never executed
call    1 never executed
call    2 never executed
call    3 never executed
        -:   52:        
    #####:   53:        float del11 = layer1[1]*(1-layer1[1])*((del12*w[0][3+1])+(del22*w[1][3+1]));
call    0 never executed
call    1 never executed
call    2 never executed
call    3 never executed
call    4 never executed
call    5 never executed
    #####:   54:        float del21 = layer1[2]*(1-layer1[2])*((del12*w[0][3+2])+(del22*w[1][3+2]));
call    0 never executed
call    1 never executed
call    2 never executed
call    3 never executed
call    4 never executed
call    5 never executed
        -:   55:
        -:   56:        vector<vector<float>> delta = {{del11, del21}, 
    #####:   57:                                       {del12, del22}};
call    0 never executed
call    1 never executed
branch  2 never executed
branch  3 never executed
call    4 never executed
call    5 never executed
branch  6 never executed
branch  7 never executed
call    8 never executed
call    9 never executed
branch 10 never executed
branch 11 never executed
call   12 never executed
call   13 never executed
call   14 never executed
call   15 never executed
call   16 never executed
        -:   58:
    #####:   59:        for (int i = 0; i < lenw; i++) {
branch  0 never executed
branch  1 never executed
    #####:   60:            for (int j = 0; j < (int) lenw/2; j++) {
branch  0 never executed
branch  1 never executed
    #####:   61:                w[i][j] -= 0.5*(delta[0][i]*x[j]);
call    0 never executed
call    1 never executed
call    2 never executed
call    3 never executed
call    4 never executed
        -:   62:            }
        -:   63:        }
        -:   64:
    #####:   65:        for (int i = 0; i < lenw; i++) {
branch  0 never executed
branch  1 never executed
    #####:   66:            for (int j = 0; j < (int) lenw/2; j++) {
branch  0 never executed
branch  1 never executed
    #####:   67:                w[i][3+j] -= 0.5*(delta[1][i]*layer1[j]);
call    0 never executed
call    1 never executed
call    2 never executed
call    3 never executed
call    4 never executed
        -:   68:            }
        -:   69:        }
        -:   70:
    #####:   71:        float val = mean_squared_error(_true, layer2);
call    0 never executed
branch  1 never executed
branch  2 never executed
call    3 never executed
branch  4 never executed
branch  5 never executed
call    6 never executed
branch  7 never executed
branch  8 never executed
call    9 never executed
call   10 never executed
call   11 never executed
call   12 never executed
        -:   72:
    #####:   73:        loss.push_back(val);
call    0 never executed
branch  1 never executed
branch  2 never executed
call    3 never executed
        -:   74:        // cout << "**********************************\n";
        -:   75:        // cout << "Weight Vector after iteration: " << iter+1 << "\n";
        -:   76:        // // cout << w << "\n";
        -:   77:        // cout << "**********************************\n";
        -:   78:    }
        -:   79:
        -:   80:    // cout << layer2 << "\n";
        -:   81:    // cout << loss << "\n";
    #####:   82:}
